2021-12-21 14:19:17,652  INFO [main] TestBase:76 - Identified the browser as Chrome
2021-12-21 14:21:54,503  INFO [main] TestBase:79 - Launched the browser as Chrome
2021-12-21 14:24:28,782  INFO [main] TestBase:93 - Launched the Application
2021-12-21 14:24:28,954  INFO [main] TestBase:52 - Execution of validateLoginTest started!!!
2021-12-21 14:28:11,535  INFO [main] TestBase:54 - Execution of validateLoginTest completed!!!
2021-12-21 14:28:42,086  INFO [main] TestBase:98 - Quitting the application and closing all browsers
2021-12-21 14:28:42,514  INFO [main] TestBase:76 - Identified the browser as Chrome
2021-12-21 14:29:34,365  INFO [main] TestBase:79 - Launched the browser as Chrome
2021-12-21 14:29:38,789  INFO [main] TestBase:93 - Launched the Application
2021-12-21 14:29:38,792  INFO [main] TestBase:40 - Execution of validateTitleTest started!!!
2021-12-21 14:29:39,806  INFO [main] TestBase:45 - Execution of validateTitleTest completed!!!
2021-12-21 14:29:40,619  INFO [main] TestBase:98 - Quitting the application and closing all browsers
2021-12-21 14:29:43,052 DEBUG [main] cache:45 - Couldn't find template in cache for "spark/spark.spa.ftl"("en_IN", UTF-8, parsed); will try to load it.
2021-12-21 14:29:43,102 DEBUG [main] cache:45 - TemplateLoader.findTemplateSource("spark/spark.spa_en_IN.ftl"): Not found
2021-12-21 14:29:43,128 DEBUG [main] cache:45 - TemplateLoader.findTemplateSource("spark/spark.spa_en.ftl"): Not found
2021-12-21 14:29:43,134 DEBUG [main] cache:45 - TemplateLoader.findTemplateSource("spark/spark.spa.ftl"): Found
2021-12-21 14:29:43,141 DEBUG [main] cache:45 - Loading template for "spark/spark.spa.ftl"("en_IN", UTF-8, parsed) from "jar:file:/C:/Users/Vaishnavi/.m2/repository/com/aventstack/extentreports/5.0.9/extentreports-5.0.9.jar!/com/aventstack/extentreports/templates/spark/spark.spa.ftl"
2021-12-21 14:29:43,808 DEBUG [main] cache:45 - Couldn't find template in cache for "commons/commons-variables.ftl"("en_IN", UTF-8, parsed); will try to load it.
2021-12-21 14:29:43,917 DEBUG [main] cache:45 - TemplateLoader.findTemplateSource("commons/commons-variables_en_IN.ftl"): Not found
2021-12-21 14:29:43,919 DEBUG [main] cache:45 - TemplateLoader.findTemplateSource("commons/commons-variables_en.ftl"): Not found
2021-12-21 14:29:43,924 DEBUG [main] cache:45 - TemplateLoader.findTemplateSource("commons/commons-variables.ftl"): Found
2021-12-21 14:29:43,925 DEBUG [main] cache:45 - Loading template for "commons/commons-variables.ftl"("en_IN", UTF-8, parsed) from "jar:file:/C:/Users/Vaishnavi/.m2/repository/com/aventstack/extentreports/5.0.9/extentreports-5.0.9.jar!/com/aventstack/extentreports/templates/commons/commons-variables.ftl"
2021-12-21 14:29:45,934 DEBUG [main] cache:45 - Couldn't find template in cache for "commons/commons-macros.ftl"("en_IN", UTF-8, parsed); will try to load it.
2021-12-21 14:29:45,936 DEBUG [main] cache:45 - TemplateLoader.findTemplateSource("commons/commons-macros_en_IN.ftl"): Not found
2021-12-21 14:29:45,937 DEBUG [main] cache:45 - TemplateLoader.findTemplateSource("commons/commons-macros_en.ftl"): Not found
2021-12-21 14:29:45,938 DEBUG [main] cache:45 - TemplateLoader.findTemplateSource("commons/commons-macros.ftl"): Found
2021-12-21 14:29:45,939 DEBUG [main] cache:45 - Loading template for "commons/commons-macros.ftl"("en_IN", UTF-8, parsed) from "jar:file:/C:/Users/Vaishnavi/.m2/repository/com/aventstack/extentreports/5.0.9/extentreports-5.0.9.jar!/com/aventstack/extentreports/templates/commons/commons-macros.ftl"
2021-12-21 14:29:45,954 DEBUG [main] cache:45 - Couldn't find template in cache for "spark/macros/attributes.ftl"("en_IN", UTF-8, parsed); will try to load it.
2021-12-21 14:29:45,956 DEBUG [main] cache:45 - TemplateLoader.findTemplateSource("spark/macros/attributes_en_IN.ftl"): Not found
2021-12-21 14:29:45,956 DEBUG [main] cache:45 - TemplateLoader.findTemplateSource("spark/macros/attributes_en.ftl"): Not found
2021-12-21 14:29:45,958 DEBUG [main] cache:45 - TemplateLoader.findTemplateSource("spark/macros/attributes.ftl"): Found
2021-12-21 14:29:45,958 DEBUG [main] cache:45 - Loading template for "spark/macros/attributes.ftl"("en_IN", UTF-8, parsed) from "jar:file:/C:/Users/Vaishnavi/.m2/repository/com/aventstack/extentreports/5.0.9/extentreports-5.0.9.jar!/com/aventstack/extentreports/templates/spark/macros/attributes.ftl"
2021-12-21 14:29:45,961 DEBUG [main] cache:45 - Couldn't find template in cache for "spark/macros/log.ftl"("en_IN", UTF-8, parsed); will try to load it.
2021-12-21 14:29:45,962 DEBUG [main] cache:45 - TemplateLoader.findTemplateSource("spark/macros/log_en_IN.ftl"): Not found
2021-12-21 14:29:45,963 DEBUG [main] cache:45 - TemplateLoader.findTemplateSource("spark/macros/log_en.ftl"): Not found
2021-12-21 14:29:45,963 DEBUG [main] cache:45 - TemplateLoader.findTemplateSource("spark/macros/log.ftl"): Found
2021-12-21 14:29:45,964 DEBUG [main] cache:45 - Loading template for "spark/macros/log.ftl"("en_IN", UTF-8, parsed) from "jar:file:/C:/Users/Vaishnavi/.m2/repository/com/aventstack/extentreports/5.0.9/extentreports-5.0.9.jar!/com/aventstack/extentreports/templates/spark/macros/log.ftl"
2021-12-21 14:29:45,966 DEBUG [main] cache:45 - Couldn't find template in cache for "spark/macros/recurse_nodes.ftl"("en_IN", UTF-8, parsed); will try to load it.
2021-12-21 14:29:45,968 DEBUG [main] cache:45 - TemplateLoader.findTemplateSource("spark/macros/recurse_nodes_en_IN.ftl"): Not found
2021-12-21 14:29:45,969 DEBUG [main] cache:45 - TemplateLoader.findTemplateSource("spark/macros/recurse_nodes_en.ftl"): Not found
2021-12-21 14:29:45,970 DEBUG [main] cache:45 - TemplateLoader.findTemplateSource("spark/macros/recurse_nodes.ftl"): Found
2021-12-21 14:29:45,970 DEBUG [main] cache:45 - Loading template for "spark/macros/recurse_nodes.ftl"("en_IN", UTF-8, parsed) from "jar:file:/C:/Users/Vaishnavi/.m2/repository/com/aventstack/extentreports/5.0.9/extentreports-5.0.9.jar!/com/aventstack/extentreports/templates/spark/macros/recurse_nodes.ftl"
2021-12-21 14:29:45,977 DEBUG [main] cache:45 - "spark/macros/log.ftl"("en_IN", UTF-8, parsed) cached copy not yet stale; using cached.
2021-12-21 14:29:45,978 DEBUG [main] cache:45 - Couldn't find template in cache for "spark/macros/attr-common.ftl"("en_IN", UTF-8, parsed); will try to load it.
2021-12-21 14:29:45,979 DEBUG [main] cache:45 - TemplateLoader.findTemplateSource("spark/macros/attr-common_en_IN.ftl"): Not found
2021-12-21 14:29:45,980 DEBUG [main] cache:45 - TemplateLoader.findTemplateSource("spark/macros/attr-common_en.ftl"): Not found
2021-12-21 14:29:45,981 DEBUG [main] cache:45 - TemplateLoader.findTemplateSource("spark/macros/attr-common.ftl"): Found
2021-12-21 14:29:45,982 DEBUG [main] cache:45 - Loading template for "spark/macros/attr-common.ftl"("en_IN", UTF-8, parsed) from "jar:file:/C:/Users/Vaishnavi/.m2/repository/com/aventstack/extentreports/5.0.9/extentreports-5.0.9.jar!/com/aventstack/extentreports/templates/spark/macros/attr-common.ftl"
2021-12-21 14:29:45,994 DEBUG [main] cache:45 - Couldn't find template in cache for "spark/partials/head.ftl"("en_IN", UTF-8, parsed); will try to load it.
2021-12-21 14:29:45,995 DEBUG [main] cache:45 - TemplateLoader.findTemplateSource("spark/partials/head_en_IN.ftl"): Not found
2021-12-21 14:29:45,997 DEBUG [main] cache:45 - TemplateLoader.findTemplateSource("spark/partials/head_en.ftl"): Not found
2021-12-21 14:29:45,998 DEBUG [main] cache:45 - TemplateLoader.findTemplateSource("spark/partials/head.ftl"): Found
2021-12-21 14:29:45,998 DEBUG [main] cache:45 - Loading template for "spark/partials/head.ftl"("en_IN", UTF-8, parsed) from "jar:file:/C:/Users/Vaishnavi/.m2/repository/com/aventstack/extentreports/5.0.9/extentreports-5.0.9.jar!/com/aventstack/extentreports/templates/spark/partials/head.ftl"
2021-12-21 14:29:46,031 DEBUG [main] cache:45 - Couldn't find template in cache for "commons/commons-inject-css.ftl"("en_IN", UTF-8, parsed); will try to load it.
2021-12-21 14:29:46,032 DEBUG [main] cache:45 - TemplateLoader.findTemplateSource("commons/commons-inject-css_en_IN.ftl"): Not found
2021-12-21 14:29:46,033 DEBUG [main] cache:45 - TemplateLoader.findTemplateSource("commons/commons-inject-css_en.ftl"): Not found
2021-12-21 14:29:46,034 DEBUG [main] cache:45 - TemplateLoader.findTemplateSource("commons/commons-inject-css.ftl"): Found
2021-12-21 14:29:46,034 DEBUG [main] cache:45 - Loading template for "commons/commons-inject-css.ftl"("en_IN", UTF-8, parsed) from "jar:file:/C:/Users/Vaishnavi/.m2/repository/com/aventstack/extentreports/5.0.9/extentreports-5.0.9.jar!/com/aventstack/extentreports/templates/commons/commons-inject-css.ftl"
2021-12-21 14:29:46,036 DEBUG [main] cache:45 - Couldn't find template in cache for "spark/partials/navbar.ftl"("en_IN", UTF-8, parsed); will try to load it.
2021-12-21 14:29:46,037 DEBUG [main] cache:45 - TemplateLoader.findTemplateSource("spark/partials/navbar_en_IN.ftl"): Not found
2021-12-21 14:29:46,039 DEBUG [main] cache:45 - TemplateLoader.findTemplateSource("spark/partials/navbar_en.ftl"): Not found
2021-12-21 14:29:46,159 DEBUG [main] cache:45 - TemplateLoader.findTemplateSource("spark/partials/navbar.ftl"): Found
2021-12-21 14:29:46,160 DEBUG [main] cache:45 - Loading template for "spark/partials/navbar.ftl"("en_IN", UTF-8, parsed) from "jar:file:/C:/Users/Vaishnavi/.m2/repository/com/aventstack/extentreports/5.0.9/extentreports-5.0.9.jar!/com/aventstack/extentreports/templates/spark/partials/navbar.ftl"
2021-12-21 14:29:46,359 DEBUG [main] cache:45 - Couldn't find template in cache for "spark/partials/sidenav.ftl"("en_IN", UTF-8, parsed); will try to load it.
2021-12-21 14:29:46,362 DEBUG [main] cache:45 - TemplateLoader.findTemplateSource("spark/partials/sidenav_en_IN.ftl"): Not found
2021-12-21 14:29:46,364 DEBUG [main] cache:45 - TemplateLoader.findTemplateSource("spark/partials/sidenav_en.ftl"): Not found
2021-12-21 14:29:46,365 DEBUG [main] cache:45 - TemplateLoader.findTemplateSource("spark/partials/sidenav.ftl"): Found
2021-12-21 14:29:46,366 DEBUG [main] cache:45 - Loading template for "spark/partials/sidenav.ftl"("en_IN", UTF-8, parsed) from "jar:file:/C:/Users/Vaishnavi/.m2/repository/com/aventstack/extentreports/5.0.9/extentreports-5.0.9.jar!/com/aventstack/extentreports/templates/spark/partials/sidenav.ftl"
2021-12-21 14:29:46,495 DEBUG [main] cache:45 - Couldn't find template in cache for "spark/partials/test.ftl"("en_IN", UTF-8, parsed); will try to load it.
2021-12-21 14:29:46,497 DEBUG [main] cache:45 - TemplateLoader.findTemplateSource("spark/partials/test_en_IN.ftl"): Not found
2021-12-21 14:29:46,498 DEBUG [main] cache:45 - TemplateLoader.findTemplateSource("spark/partials/test_en.ftl"): Not found
2021-12-21 14:29:46,499 DEBUG [main] cache:45 - TemplateLoader.findTemplateSource("spark/partials/test.ftl"): Found
2021-12-21 14:29:46,500 DEBUG [main] cache:45 - Loading template for "spark/partials/test.ftl"("en_IN", UTF-8, parsed) from "jar:file:/C:/Users/Vaishnavi/.m2/repository/com/aventstack/extentreports/5.0.9/extentreports-5.0.9.jar!/com/aventstack/extentreports/templates/spark/partials/test.ftl"
2021-12-21 14:29:46,604 DEBUG [main] cache:45 - Couldn't find template in cache for "spark/partials/standard-content.ftl"("en_IN", UTF-8, parsed); will try to load it.
2021-12-21 14:29:46,607 DEBUG [main] cache:45 - TemplateLoader.findTemplateSource("spark/partials/standard-content_en_IN.ftl"): Not found
2021-12-21 14:29:46,609 DEBUG [main] cache:45 - TemplateLoader.findTemplateSource("spark/partials/standard-content_en.ftl"): Not found
2021-12-21 14:29:46,611 DEBUG [main] cache:45 - TemplateLoader.findTemplateSource("spark/partials/standard-content.ftl"): Found
2021-12-21 14:29:46,612 DEBUG [main] cache:45 - Loading template for "spark/partials/standard-content.ftl"("en_IN", UTF-8, parsed) from "jar:file:/C:/Users/Vaishnavi/.m2/repository/com/aventstack/extentreports/5.0.9/extentreports-5.0.9.jar!/com/aventstack/extentreports/templates/spark/partials/standard-content.ftl"
2021-12-21 14:29:46,622 DEBUG [main] cache:45 - "spark/partials/standard-content.ftl"("en_IN", UTF-8, parsed) cached copy not yet stale; using cached.
2021-12-21 14:29:46,624 DEBUG [main] cache:45 - Couldn't find template in cache for "spark/partials/exception.ftl"("en_IN", UTF-8, parsed); will try to load it.
2021-12-21 14:29:46,625 DEBUG [main] cache:45 - TemplateLoader.findTemplateSource("spark/partials/exception_en_IN.ftl"): Not found
2021-12-21 14:29:46,627 DEBUG [main] cache:45 - TemplateLoader.findTemplateSource("spark/partials/exception_en.ftl"): Not found
2021-12-21 14:29:46,628 DEBUG [main] cache:45 - TemplateLoader.findTemplateSource("spark/partials/exception.ftl"): Found
2021-12-21 14:29:46,629 DEBUG [main] cache:45 - Loading template for "spark/partials/exception.ftl"("en_IN", UTF-8, parsed) from "jar:file:/C:/Users/Vaishnavi/.m2/repository/com/aventstack/extentreports/5.0.9/extentreports-5.0.9.jar!/com/aventstack/extentreports/templates/spark/partials/exception.ftl"
2021-12-21 14:29:46,631 DEBUG [main] cache:45 - Couldn't find template in cache for "spark/partials/category.ftl"("en_IN", UTF-8, parsed); will try to load it.
2021-12-21 14:29:46,632 DEBUG [main] cache:45 - TemplateLoader.findTemplateSource("spark/partials/category_en_IN.ftl"): Not found
2021-12-21 14:29:46,634 DEBUG [main] cache:45 - TemplateLoader.findTemplateSource("spark/partials/category_en.ftl"): Not found
2021-12-21 14:29:46,635 DEBUG [main] cache:45 - TemplateLoader.findTemplateSource("spark/partials/category.ftl"): Found
2021-12-21 14:29:46,636 DEBUG [main] cache:45 - Loading template for "spark/partials/category.ftl"("en_IN", UTF-8, parsed) from "jar:file:/C:/Users/Vaishnavi/.m2/repository/com/aventstack/extentreports/5.0.9/extentreports-5.0.9.jar!/com/aventstack/extentreports/templates/spark/partials/category.ftl"
2021-12-21 14:29:46,639 DEBUG [main] cache:45 - Couldn't find template in cache for "spark/partials/device.ftl"("en_IN", UTF-8, parsed); will try to load it.
2021-12-21 14:29:46,640 DEBUG [main] cache:45 - TemplateLoader.findTemplateSource("spark/partials/device_en_IN.ftl"): Not found
2021-12-21 14:29:46,642 DEBUG [main] cache:45 - TemplateLoader.findTemplateSource("spark/partials/device_en.ftl"): Not found
2021-12-21 14:29:46,643 DEBUG [main] cache:45 - TemplateLoader.findTemplateSource("spark/partials/device.ftl"): Found
2021-12-21 14:29:46,644 DEBUG [main] cache:45 - Loading template for "spark/partials/device.ftl"("en_IN", UTF-8, parsed) from "jar:file:/C:/Users/Vaishnavi/.m2/repository/com/aventstack/extentreports/5.0.9/extentreports-5.0.9.jar!/com/aventstack/extentreports/templates/spark/partials/device.ftl"
2021-12-21 14:29:46,646 DEBUG [main] cache:45 - Couldn't find template in cache for "spark/partials/author.ftl"("en_IN", UTF-8, parsed); will try to load it.
2021-12-21 14:29:46,647 DEBUG [main] cache:45 - TemplateLoader.findTemplateSource("spark/partials/author_en_IN.ftl"): Not found
2021-12-21 14:29:46,648 DEBUG [main] cache:45 - TemplateLoader.findTemplateSource("spark/partials/author_en.ftl"): Not found
2021-12-21 14:29:46,649 DEBUG [main] cache:45 - TemplateLoader.findTemplateSource("spark/partials/author.ftl"): Found
2021-12-21 14:29:46,649 DEBUG [main] cache:45 - Loading template for "spark/partials/author.ftl"("en_IN", UTF-8, parsed) from "jar:file:/C:/Users/Vaishnavi/.m2/repository/com/aventstack/extentreports/5.0.9/extentreports-5.0.9.jar!/com/aventstack/extentreports/templates/spark/partials/author.ftl"
2021-12-21 14:29:46,651 DEBUG [main] cache:45 - Couldn't find template in cache for "spark/partials/log.ftl"("en_IN", UTF-8, parsed); will try to load it.
2021-12-21 14:29:46,652 DEBUG [main] cache:45 - TemplateLoader.findTemplateSource("spark/partials/log_en_IN.ftl"): Not found
2021-12-21 14:29:46,653 DEBUG [main] cache:45 - TemplateLoader.findTemplateSource("spark/partials/log_en.ftl"): Not found
2021-12-21 14:29:46,654 DEBUG [main] cache:45 - TemplateLoader.findTemplateSource("spark/partials/log.ftl"): Found
2021-12-21 14:29:46,654 DEBUG [main] cache:45 - Loading template for "spark/partials/log.ftl"("en_IN", UTF-8, parsed) from "jar:file:/C:/Users/Vaishnavi/.m2/repository/com/aventstack/extentreports/5.0.9/extentreports-5.0.9.jar!/com/aventstack/extentreports/templates/spark/partials/log.ftl"
2021-12-21 14:29:46,656 DEBUG [main] cache:45 - Couldn't find template in cache for "spark/partials/dashboard.ftl"("en_IN", UTF-8, parsed); will try to load it.
2021-12-21 14:29:46,657 DEBUG [main] cache:45 - TemplateLoader.findTemplateSource("spark/partials/dashboard_en_IN.ftl"): Not found
2021-12-21 14:29:46,658 DEBUG [main] cache:45 - TemplateLoader.findTemplateSource("spark/partials/dashboard_en.ftl"): Not found
2021-12-21 14:29:46,659 DEBUG [main] cache:45 - TemplateLoader.findTemplateSource("spark/partials/dashboard.ftl"): Found
2021-12-21 14:29:46,659 DEBUG [main] cache:45 - Loading template for "spark/partials/dashboard.ftl"("en_IN", UTF-8, parsed) from "jar:file:/C:/Users/Vaishnavi/.m2/repository/com/aventstack/extentreports/5.0.9/extentreports-5.0.9.jar!/com/aventstack/extentreports/templates/spark/partials/dashboard.ftl"
2021-12-21 14:29:46,840 DEBUG [main] cache:45 - Couldn't find template in cache for "spark/partials/scripts.ftl"("en_IN", UTF-8, parsed); will try to load it.
2021-12-21 14:29:46,842 DEBUG [main] cache:45 - TemplateLoader.findTemplateSource("spark/partials/scripts_en_IN.ftl"): Not found
2021-12-21 14:29:46,846 DEBUG [main] cache:45 - TemplateLoader.findTemplateSource("spark/partials/scripts_en.ftl"): Not found
2021-12-21 14:29:46,848 DEBUG [main] cache:45 - TemplateLoader.findTemplateSource("spark/partials/scripts.ftl"): Found
2021-12-21 14:29:46,852 DEBUG [main] cache:45 - Loading template for "spark/partials/scripts.ftl"("en_IN", UTF-8, parsed) from "jar:file:/C:/Users/Vaishnavi/.m2/repository/com/aventstack/extentreports/5.0.9/extentreports-5.0.9.jar!/com/aventstack/extentreports/templates/spark/partials/scripts.ftl"
2021-12-21 14:29:46,856 DEBUG [main] cache:45 - Couldn't find template in cache for "commons/commons-inject-js.ftl"("en_IN", UTF-8, parsed); will try to load it.
2021-12-21 14:29:46,857 DEBUG [main] cache:45 - TemplateLoader.findTemplateSource("commons/commons-inject-js_en_IN.ftl"): Not found
2021-12-21 14:29:46,858 DEBUG [main] cache:45 - TemplateLoader.findTemplateSource("commons/commons-inject-js_en.ftl"): Not found
2021-12-21 14:29:46,859 DEBUG [main] cache:45 - TemplateLoader.findTemplateSource("commons/commons-inject-js.ftl"): Found
2021-12-21 14:29:46,860 DEBUG [main] cache:45 - Loading template for "commons/commons-inject-js.ftl"("en_IN", UTF-8, parsed) from "jar:file:/C:/Users/Vaishnavi/.m2/repository/com/aventstack/extentreports/5.0.9/extentreports-5.0.9.jar!/com/aventstack/extentreports/templates/commons/commons-inject-js.ftl"
